INFO dir: ./logs/AdaBN_na/ISIC
INFO bsize: 256
INFO epochs: 10
INFO save_freq: 50
INFO eval_freq: 2
INFO print_freq: 10
INFO load_path: None
INFO seed: 1
INFO wd: 0.0001
INFO resume_latest: False
INFO num_workers: 4
INFO iteration_bp: None
INFO model: resnet10
INFO backbone_random_init: False
INFO base_dataset: miniImageNet
INFO base_path: ./data/miniImagenet
INFO base_split: None
INFO base_no_color_jitter: False
INFO base_val_ratio: 0.05
INFO batch_validate: False
INFO target_dataset: ISIC
INFO target_subset_split: datasets/split_seed_1/ISIC_unlabeled_20.csv
INFO image_size: 224
INFO base_dictionary: logs/AdaBN_na/teacher_miniImageNet_na/399.tar
INFO load the pretrained model
