INFO dir: ./logs2/EuroSAT
INFO bsize: 32
INFO epochs: 1
INFO save_freq: 50
INFO eval_freq: 2
INFO print_freq: 10
INFO load_path: None
INFO seed: 1
INFO wd: 0.0001
INFO resume_latest: False
INFO num_workers: 4
INFO iteration_bp: None
INFO model: resnet10
INFO backbone_random_init: False
INFO base_dataset: miniImageNet
INFO base_path: D:/downloaded_DS/miniImagenet
INFO base_split: None
INFO base_no_color_jitter: False
INFO base_val_ratio: 0.05
INFO batch_validate: False
INFO target_dataset: EuroSAT
INFO target_subset_split: datasets/split_seed_1/EuroSAT_unlabeled_20.csv
INFO image_size: 224
INFO *** Testing Learning Rate: 0.1
INFO Training Epoch: [0/1] Step: [10 / 1140] Batch Time: 6.9077 (7.9646) Data Time: 0.0020 (0.7503) Average Loss: 5.8514 (6.0534) Average MSE Loss (Target): 0.0004 (0.0004) Average CE Loss (Source):  5.8510 ( 6.0530) Learning Rate: 0.1000 (0.1000) Top1_base: 0.0000 (0.9375) Top1_base_per_class: 0.0000 (1.1692) 
INFO Training Epoch: [0/1] Step: [20 / 1140] Batch Time: 6.7358 (7.4865) Data Time: 0.0030 (0.3765) Average Loss: 4.8490 (5.6528) Average MSE Loss (Target): 0.0001 (0.0005) Average CE Loss (Source):  4.8488 ( 5.6524) Learning Rate: 0.1000 (0.1000) Top1_base: 0.0000 (0.9375) Top1_base_per_class: 0.0000 (0.9888) 
INFO Training Epoch: [0/1] Step: [30 / 1140] Batch Time: 6.9137 (7.3639) Data Time: 0.0030 (0.2520) Average Loss: 4.4017 (5.3815) Average MSE Loss (Target): 0.0001 (0.0004) Average CE Loss (Source):  4.4016 ( 5.3811) Learning Rate: 0.1000 (0.1000) Top1_base: 6.2500 (1.4583) Top1_base_per_class: 3.8462 (1.5842) 
INFO Training Epoch: [0/1] Step: [40 / 1140] Batch Time: 6.7548 (7.2482) Data Time: 0.0030 (0.1897) Average Loss: 4.8818 (5.1856) Average MSE Loss (Target): 0.0001 (0.0005) Average CE Loss (Source):  4.8818 ( 5.1852) Learning Rate: 0.1000 (0.1000) Top1_base: 3.1250 (1.9531) Top1_base_per_class: 4.7619 (2.1028) 
