INFO dir: ./logs2/EuroSAT
INFO bsize: 32
INFO epochs: 1
INFO save_freq: 50
INFO eval_freq: 2
INFO print_freq: 10
INFO load_path: None
INFO seed: 1
INFO wd: 0.0001
INFO resume_latest: False
INFO num_workers: 4
INFO iteration_bp: None
INFO model: resnet10
INFO backbone_random_init: False
INFO base_dataset: miniImageNet
INFO base_path: D:/downloaded_DS/miniImagenet
INFO base_split: None
INFO base_no_color_jitter: False
INFO base_val_ratio: 0.05
INFO batch_validate: False
INFO target_dataset: EuroSAT
INFO target_subset_split: datasets/split_seed_1/EuroSAT_unlabeled_20.csv
INFO image_size: 224
